Wirelength 589717
NumHardBlocks 300
hb299 505 0 0
hb298 209 335 1
hb295 540 0 1
hb294 350 540 1
hb293 223 107 1
hb292 367 372 1
hb290 125 206 1
hb288 55 401 0
hb287 217 267 0
hb286 438 170 1
hb285 303 267 0
hb282 282 170 0
hb281 38 16 0
hb280 518 28 1
hb272 406 67 0
hb271 290 206 0
hb269 103 85 0
hb268 150 230 1
hb267 112 267 1
hb265 413 154 0
hb264 199 206 0
hb263 332 107 1
hb259 41 255 0
hb258 361 301 0
hb255 303 516 0
hb254 218 27 0
hb253 194 530 0
hb252 189 486 0
hb247 66 474 0
hb246 81 206 1
hb245 64 40 0
hb244 140 67 1
hb241 527 107 0
hb239 461 67 1
hb238 141 40 1
hb237 158 314 1
hb236 308 0 0
hb235 244 206 1
hb230 60 170 0
hb228 222 247 0
hb227 150 27 1
hb226 65 516 0
hb223 487 446 1
hb221 259 154 1
hb219 147 446 1
hb218 490 516 1
hb217 441 267 1
hb216 260 474 1
hb213 202 516 0
hb248 441 516 1
hb212 420 516 0
hb210 143 516 1
hb208 356 446 1
hb206 479 170 0
hb205 33 474 1
hb279 451 474 1
hb266 178 401 1
hb203 484 60 1
hb201 35 40 1
hb291 449 401 0
hb199 29 170 0
hb243 316 474 1
hb93 270 246 1
hb225 142 474 0
hb95 350 335 0
hb91 504 335 0
hb90 165 446 0
hb88 242 301 1
hb86 104 516 0
hb146 279 335 0
hb77 102 491 0
hb215 365 0 0
hb33 378 107 0
hb73 116 154 1
hb94 284 267 1
hb58 41 230 0
hb70 162 154 1
hb24 363 516 0
hb68 0 267 1
hb66 226 401 0
hb186 430 67 0
hb79 410 230 0
hb67 300 230 1
hb214 102 474 1
hb83 0 230 1
hb148 135 372 0
hb65 525 401 0
hb64 185 0 0
hb82 88 335 0
hb188 211 474 0
hb256 392 154 0
hb46 137 230 1
hb274 515 372 0
hb166 405 267 1
hb202 73 267 1
hb71 185 267 1
hb61 88 301 1
hb63 364 230 1
hb60 38 0 0
hb55 484 372 1
hb261 515 107 0
hb52 0 67 0
hb231 270 230 1
hb59 400 0 0
hb112 326 446 0
hb19 327 335 1
hb72 505 516 1
hb211 169 0 0
hb47 83 401 1
hb103 151 267 0
hb16 423 107 1
hb209 92 230 0
hb26 197 40 1
hb96 286 301 0
hb18 123 401 0
hb1 207 154 0
hb84 372 170 1
hb163 0 206 0
hb11 332 206 0
hb128 443 446 0
hb56 509 474 0
hb108 350 474 0
hb276 519 230 1
hb229 376 446 1
hb147 489 267 1
hb182 12 372 0
hb197 336 230 1
hb22 0 170 1
hb7 274 67 1
hb134 441 301 1
hb45 143 530 0
hb0 167 543 0
hb107 465 0 1
hb37 30 446 1
hb139 127 170 1
hb57 242 107 1
hb275 518 0 0
hb262 57 372 1
hb17 279 474 1
hb32 0 40 0
hb207 45 267 1
hb184 201 372 0
hb53 248 474 1
hb234 69 67 0
hb124 303 67 0
hb277 152 206 1
hb3 43 335 1
hb12 168 88 0
hb10 85 154 1
hb87 314 401 1
hb13 316 267 1
hb15 153 67 1
hb27 0 0 0
hb80 450 0 1
hb144 494 474 0
hb249 399 40 0
hb85 239 170 1
hb51 208 247 0
hb195 43 359 0
hb251 21 401 1
hb30 177 230 1
hb136 152 218 0
hb9 465 107 1
hb89 45 516 0
hb69 111 446 0
hb48 410 170 0
hb115 450 36 0
hb164 267 516 0
hb8 300 244 1
hb6 506 446 0
hb153 364 267 0
hb157 211 446 0
hb78 484 75 0
hb25 0 107 0
hb4 183 107 0
hb127 490 107 0
hb81 538 401 0
hb50 177 250 0
hb74 520 516 1
hb35 336 55 1
hb106 102 67 1
hb204 387 474 1
hb125 290 107 1
hb20 503 28 0
hb196 362 401 0
hb224 215 40 0
hb138 406 372 0
hb40 540 86 0
hb190 362 40 0
hb62 326 170 0
hb162 472 516 1
hb101 242 0 0
hb75 330 372 1
hb189 127 335 0
hb260 0 372 1
hb233 350 516 1
hb29 332 301 0
hb273 81 446 1
hb23 148 107 1
hb179 488 301 0
hb34 209 530 1
hb200 0 335 0
hb2 59 446 0
hb36 105 372 1
hb194 198 67 1
hb39 196 250 0
hb41 387 67 1
hb133 42 154 1
hb102 334 67 1
hb270 484 45 0
hb181 0 446 0
hb5 484 91 1
hb31 405 301 1
hb43 127 347 0
hb14 0 401 1
hb97 137 252 0
hb99 49 474 1
hb156 381 516 1
hb296 434 40 0
hb104 0 154 0
hb132 165 107 0
hb250 420 474 0
hb105 486 230 1
hb109 268 401 1
hb110 77 0 1
hb284 168 67 0
hb113 480 335 1
hb114 44 301 1
hb116 424 446 1
hb100 0 516 1
hb117 291 372 0
hb257 208 230 1
hb118 230 67 0
hb119 120 107 0
hb120 450 230 0
hb121 201 170 1
hb145 158 301 1
hb38 307 446 1
hb122 540 43 1
hb123 448 372 1
hb180 211 67 0
hb126 189 474 0
hb191 533 230 0
hb129 69 85 0
hb154 335 0 1
hb111 352 0 0
hb130 231 446 0
hb289 234 516 0
hb131 477 401 0
hb232 397 516 1
hb135 347 154 0
hb137 484 0 0
hb240 150 0 1
hb140 166 401 0
hb283 185 88 0
hb54 249 335 0
hb141 260 40 1
hb143 67 243 1
hb149 0 85 0
hb49 33 206 1
hb150 305 40 1
hb151 540 133 0
hb152 33 495 0
hb155 234 154 0
hb92 29 107 0
hb44 218 0 1
hb158 67 230 0
hb192 153 372 1
hb159 0 301 0
hb242 47 67 0
hb21 247 372 1
hb178 484 28 1
hb160 19 40 1
hb161 74 107 0
hb42 261 446 0
hb165 180 40 1
hb174 304 154 0
hb98 167 516 1
hb167 164 170 1
hb278 458 154 1
hb142 65 532 1
hb76 272 0 1
hb168 100 40 1
hb170 394 335 1
hb171 403 401 0
hb220 90 170 1
hb28 169 15 0
hb172 167 530 0
hb173 133 301 0
hb187 171 335 1
hb175 336 40 1
hb222 259 267 1
hb176 0 474 0
hb169 425 401 0
hb177 439 335 0
hb183 203 301 1
hb297 119 0 1
hb185 243 230 0
hb193 370 67 1
hb198 352 21 0
