Wirelength 439040
NumHardBlocks 200
hb199 178 15 1
hb93 0 200 0
hb95 299 153 0
hb91 418 393 0
hb90 0 153 0
hb88 54 242 1
hb86 85 153 0
hb146 248 120 1
hb77 15 426 1
hb33 38 181 1
hb73 0 181 1
hb94 0 426 0
hb58 31 442 1
hb70 54 270 0
hb24 279 200 0
hb68 404 242 1
hb66 167 393 0
hb186 69 140 1
hb79 253 181 1
hb67 360 242 0
hb83 332 426 0
hb148 282 120 0
hb65 218 120 0
hb64 406 78 0
hb82 346 284 0
hb188 135 284 1
hb46 178 0 0
hb166 453 0 1
hb71 431 200 1
hb61 35 120 1
hb63 171 153 1
hb60 0 242 1
hb55 149 242 1
hb52 305 426 0
hb59 134 347 0
hb112 151 181 1
hb19 213 200 1
hb72 331 393 0
hb47 386 450 0
hb103 119 0 0
hb16 195 259 0
hb26 15 321 0
hb96 291 321 1
hb18 272 372 0
hb1 35 242 0
hb84 177 284 0
hb163 406 0 1
hb11 97 270 1
hb128 378 153 0
hb56 279 262 1
hb108 122 153 0
hb147 0 272 1
hb182 180 426 0
hb197 0 0 0
hb22 174 200 1
hb7 390 362 1
hb134 380 393 1
hb45 174 226 1
hb0 124 73 1
hb107 31 426 0
hb37 180 438 0
hb139 144 120 1
hb57 103 181 1
hb17 248 438 0
hb32 102 321 1
hb184 105 120 1
hb53 195 242 1
hb124 374 200 0
hb3 399 181 1
hb12 298 80 1
hb10 22 393 0
hb87 354 181 0
hb13 42 347 0
hb15 308 347 0
hb27 0 73 1
hb80 400 347 0
hb144 94 0 0
hb85 0 284 0
hb51 224 393 1
hb195 272 347 1
hb30 304 284 1
hb136 206 153 1
hb9 89 284 0
hb89 97 242 1
hb69 225 219 1
hb48 225 153 0
hb115 353 362 0
hb164 267 153 0
hb8 20 120 1
hb6 235 426 1
hb153 453 36 1
hb157 135 308 0
hb78 248 321 1
hb25 304 200 0
hb4 108 393 0
hb127 76 426 1
hb81 124 120 1
hb50 299 120 1
hb74 74 181 0
hb35 365 393 0
hb106 423 284 1
hb125 45 153 0
hb20 376 120 0
hb196 135 426 0
hb138 396 393 1
hb40 403 200 0
hb190 140 200 1
hb62 378 284 1
hb162 248 426 0
hb101 180 347 1
hb75 212 438 0
hb189 0 120 1
hb29 453 76 0
hb23 392 321 0
hb179 414 347 1
hb34 225 200 1
hb2 48 284 0
hb36 348 242 1
hb194 298 0 0
hb39 110 200 0
hb41 263 200 0
hb133 386 426 0
hb102 128 32 0
hb181 264 242 0
hb5 341 120 0
hb31 387 200 1
hb43 94 32 1
hb14 0 321 0
hb97 263 216 1
hb99 0 221 0
hb156 304 301 1
hb104 153 37 1
hb132 248 242 1
hb105 272 393 0
hb109 291 216 0
hb110 58 321 0
hb113 335 153 0
hb114 367 426 1
hb116 428 242 0
hb100 414 153 1
hb117 281 426 0
hb118 265 284 0
hb119 212 321 1
hb120 15 73 1
hb121 406 46 1
hb145 220 284 0
hb38 198 393 1
hb122 175 120 0
hb123 176 333 1
hb180 290 181 1
hb126 420 426 1
hb191 298 43 0
hb129 80 73 0
hb154 0 347 0
hb111 109 153 1
hb130 228 347 0
hb131 69 120 0
hb135 122 165 1
hb137 249 153 1
hb140 98 426 1
hb54 311 181 0
hb141 336 321 1
hb143 90 347 1
hb149 0 393 0
hb49 15 89 0
hb150 213 242 0
hb151 97 254 1
hb152 134 393 0
hb155 159 153 0
hb92 134 321 0
hb44 196 438 1
hb158 314 393 1
hb192 63 153 0
hb159 43 200 0
hb21 304 242 0
hb178 351 426 1
hb160 176 321 1
hb161 432 321 1
hb42 197 181 1
hb165 67 393 0
hb174 279 242 0
hb98 98 438 0
hb167 353 347 0
hb142 406 126 1
hb76 241 181 1
hb168 153 0 1
hb170 135 442 1
hb171 340 200 1
hb28 140 73 1
hb172 55 89 1
hb173 226 242 1
hb187 370 321 0
hb175 386 438 0
hb176 60 73 0
hb169 149 255 0
hb177 114 426 0
hb183 133 242 1
hb185 159 168 1
hb193 67 200 1
hb198 340 0 0
