Wirelength 612326
NumHardBlocks 300
hb299 42 148 0
hb298 399 470 0
hb295 355 223 0
hb294 405 148 0
hb293 40 48 0
hb292 182 424 0
hb290 165 223 1
hb288 154 239 1
hb287 256 26 0
hb286 449 69 1
hb285 152 470 1
hb282 394 303 1
hb281 138 303 0
hb280 30 26 0
hb272 470 185 0
hb271 291 105 1
hb269 83 48 0
hb268 350 148 1
hb267 426 511 1
hb265 310 223 0
hb264 187 162 0
hb263 466 424 0
hb259 144 379 1
hb258 500 267 0
hb255 474 470 0
hb254 398 223 0
hb253 12 13 0
hb252 0 379 0
hb247 31 267 1
hb246 0 162 1
hb245 30 105 0
hb244 64 13 0
hb241 470 379 0
hb239 174 379 1
hb238 0 239 1
hb237 432 470 0
hb236 517 63 0
hb235 225 424 0
hb230 212 69 0
hb228 44 0 1
hb227 12 0 1
hb226 134 448 0
hb223 356 201 1
hb221 478 223 1
hb219 208 239 1
hb218 483 379 1
hb217 248 148 1
hb216 206 424 1
hb213 133 223 0
hb248 461 348 0
hb212 165 48 1
hb210 196 379 1
hb208 331 403 0
hb206 458 267 0
hb205 339 379 1
hb279 457 303 0
hb266 0 303 1
hb203 159 69 0
hb201 101 0 1
hb291 409 239 1
hb199 0 267 0
hb243 126 511 0
hb93 45 470 0
hb225 0 185 0
hb95 499 148 0
hb91 373 47 0
hb90 63 424 1
hb88 255 379 0
hb86 427 424 0
hb146 206 511 0
hb77 126 105 1
hb215 401 201 0
hb33 496 303 1
hb73 19 395 1
hb94 321 348 1
hb58 272 0 0
hb70 19 379 1
hb24 156 379 0
hb68 403 379 0
hb66 385 424 0
hb186 433 25 0
hb79 492 63 1
hb67 187 148 1
hb214 144 405 1
hb83 123 185 1
hb148 12 105 0
hb65 223 134 1
hb64 302 48 0
hb82 216 396 0
hb188 65 470 0
hb256 470 403 1
hb46 102 470 1
hb274 453 470 1
hb166 294 69 0
hb202 347 267 1
hb71 66 69 1
hb61 280 424 0
hb63 115 267 1
hb60 192 223 0
hb55 241 0 1
hb261 265 223 1
hb52 137 148 1
hb231 232 148 0
hb59 393 0 1
hb112 358 379 1
hb19 315 105 1
hb72 390 148 1
hb211 279 185 1
hb47 245 303 1
hb103 103 148 0
hb16 489 105 0
hb209 70 267 0
hb26 190 239 1
hb96 247 424 1
hb18 95 303 0
hb1 144 105 1
hb84 465 511 1
hb163 63 148 0
hb11 284 379 0
hb128 365 239 0
hb56 415 348 0
hb108 362 470 0
hb276 85 185 1
hb229 137 348 1
hb147 331 303 0
hb182 431 379 1
hb197 226 239 0
hb22 64 348 0
hb7 223 105 0
hb134 386 267 1
hb45 61 185 0
hb0 43 407 0
hb107 298 0 0
hb37 54 69 0
hb139 198 267 1
hb57 345 0 1
hb275 345 47 1
hb262 69 239 1
hb17 238 185 0
hb32 27 85 1
hb207 504 348 0
hb184 348 424 1
hb53 242 69 1
hb234 110 379 0
hb124 128 69 0
hb277 284 403 1
hb3 102 490 1
hb12 416 47 0
hb10 291 204 1
hb87 168 303 1
hb13 281 267 1
hb15 231 223 0
hb27 189 470 0
hb80 433 105 1
hb144 455 379 0
hb249 503 511 0
hb85 163 511 1
hb51 464 223 0
hb195 144 133 0
hb251 293 511 0
hb30 196 396 0
hb136 0 105 1
hb9 433 0 0
hb89 513 424 0
hb69 0 69 1
hb48 494 185 0
hb115 522 185 1
hb164 197 185 1
hb8 329 148 0
hb6 99 348 0
hb153 340 348 0
hb157 135 26 1
hb78 379 185 0
hb25 66 105 0
hb4 70 379 0
hb127 452 239 1
hb81 375 148 0
hb50 325 379 1
hb74 375 105 1
hb35 229 0 0
hb106 177 13 1
hb204 424 303 1
hb125 0 424 1
hb20 177 0 1
hb196 448 105 0
hb224 120 48 0
hb138 464 25 1
hb40 255 48 1
hb190 152 483 0
hb62 235 267 0
hb162 329 267 1
hb101 98 69 0
hb75 115 470 1
hb189 373 424 1
hb260 45 494 0
hb233 61 210 0
hb29 250 348 0
hb273 42 424 0
hb23 227 470 1
hb179 403 69 0
hb34 384 511 1
hb200 338 105 1
hb2 375 201 1
hb36 0 348 0
hb194 64 0 0
hb39 336 511 0
hb41 521 470 1
hb133 0 223 1
hb102 254 69 0
hb270 350 170 0
hb181 39 239 0
hb5 313 148 0
hb31 155 148 0
hb43 200 26 0
hb14 327 424 1
hb97 63 170 0
hb99 278 470 1
hb156 267 168 0
hb296 454 185 0
hb104 0 148 0
hb132 254 511 1
hb250 381 348 1
hb105 258 105 1
hb109 285 303 1
hb110 320 470 1
hb284 0 26 0
hb113 348 511 0
hb114 44 511 1
hb116 160 105 1
hb100 498 379 0
hb117 0 470 1
hb257 322 185 1
hb118 179 105 0
hb119 307 239 1
hb120 463 148 0
hb121 244 470 0
hb145 88 223 1
hb38 44 162 1
hb122 383 379 1
hb123 380 69 0
hb180 0 48 1
hb126 0 0 1
hb191 322 202 1
hb129 101 26 0
hb154 239 26 1
hb111 328 69 0
hb130 138 321 0
hb289 164 185 0
hb131 492 18 0
hb232 279 348 0
hb135 43 223 0
hb137 298 16 0
hb240 291 185 0
hb140 0 407 1
hb283 241 379 0
hb54 396 511 0
hb141 12 129 1
hb143 99 185 0
hb149 130 0 0
hb49 134 424 1
hb150 319 16 0
hb151 492 0 1
hb152 248 168 1
hb155 47 185 1
hb92 48 303 1
hb44 430 185 1
hb158 356 185 0
hb192 202 348 1
hb159 0 511 0
hb242 61 26 1
hb21 263 239 1
hb178 185 348 0
hb160 27 69 0
hb161 87 424 1
hb42 495 239 0
hb165 220 379 0
hb174 311 424 1
hb98 194 0 1
hb167 161 267 1
hb278 422 223 1
hb142 117 239 1
hb76 341 69 0
hb168 21 470 0
hb170 216 303 0
hb171 160 26 1
hb220 27 348 1
hb28 99 210 0
hb172 352 239 1
hb173 433 267 0
hb187 174 69 1
hb175 330 0 0
hb222 295 470 1
hb176 88 511 1
hb169 409 105 0
hb177 422 148 0
hb183 361 303 0
hb297 95 105 1
hb185 110 397 1
hb193 296 148 1
hb198 207 48 0
