Wirelength 426848
NumHardBlocks 200
hb199 271 13 0
hb93 53 394 0
hb95 196 0 0
hb91 417 133 0
hb90 54 0 0
hb88 73 133 1
hb86 136 0 0
hb146 107 288 1
hb77 0 0 1
hb33 24 447 1
hb73 16 0 1
hb94 55 161 0
hb58 70 161 1
hb70 96 405 0
hb24 234 294 1
hb68 109 180 0
hb66 170 432 0
hb186 24 434 1
hb79 99 0 1
hb67 344 204 0
hb83 280 419 1
hb148 317 419 1
hb65 77 346 0
hb64 104 419 0
hb82 404 346 0
hb188 332 276 0
hb46 288 133 0
hb166 155 276 0
hb71 424 204 0
hb61 43 346 1
hb63 69 419 1
hb60 108 242 1
hb55 315 0 1
hb52 280 438 1
hb59 104 25 0
hb112 196 346 1
hb19 201 419 1
hb72 370 346 0
hb47 299 379 1
hb103 420 0 0
hb16 208 321 0
hb26 0 346 0
hb96 392 321 1
hb18 194 400 0
hb1 145 185 1
hb84 257 161 1
hb163 57 25 1
hb11 196 364 1
hb128 108 321 0
hb56 150 110 1
hb108 122 276 0
hb147 22 407 1
hb182 89 276 0
hb197 373 63 0
hb22 136 379 0
hb7 330 321 0
hb134 418 379 0
hb45 0 306 1
hb0 219 161 0
hb107 0 379 0
hb37 194 379 0
hb139 40 242 1
hb57 151 419 0
hb17 307 346 1
hb32 55 180 1
hb184 111 161 0
hb53 234 276 0
hb124 390 379 0
hb3 373 44 1
hb12 198 204 1
hb10 68 204 0
hb87 215 276 1
hb13 373 419 1
hb15 286 276 1
hb27 0 91 1
hb80 131 161 0
hb144 44 133 1
hb85 20 204 0
hb51 148 346 1
hb195 226 321 1
hb30 229 402 1
hb136 198 161 1
hb9 298 204 0
hb89 420 32 1
hb69 420 44 1
hb48 112 379 0
hb115 333 346 0
hb164 188 288 1
hb8 42 25 1
hb6 170 419 0
hb153 116 148 0
hb157 141 288 0
hb78 199 133 1
hb25 388 204 0
hb4 281 346 0
hb127 0 395 1
hb81 76 321 0
hb50 218 242 1
hb74 89 288 1
hb35 403 379 0
hb106 382 242 1
hb125 72 434 0
hb20 356 288 0
hb196 255 91 1
hb138 313 379 0
hb40 158 133 1
hb190 71 242 0
hb62 113 204 1
hb162 356 276 0
hb101 15 91 1
hb75 229 379 1
hb189 0 69 0
hb29 240 204 0
hb23 262 321 0
hb179 415 161 0
hb34 379 133 1
hb2 418 419 1
hb36 251 307 0
hb194 63 91 1
hb39 260 242 1
hb41 182 161 0
hb133 256 419 1
hb102 219 177 1
hb181 116 133 1
hb5 251 276 0
hb31 178 379 1
hb43 158 204 0
hb14 0 186 1
hb97 144 321 1
hb99 57 71 0
hb156 256 379 1
hb104 160 0 0
hb132 374 379 1
hb105 143 242 0
hb109 191 276 1
hb110 0 133 0
hb113 336 133 0
hb114 342 419 1
hb116 386 276 0
hb100 240 439 0
hb117 145 161 1
hb118 360 161 1
hb119 172 321 1
hb120 24 419 1
hb121 421 242 1
hb145 302 242 0
hb38 255 346 1
hb122 0 276 0
hb123 288 148 1
hb180 210 379 0
hb126 346 379 1
hb191 218 91 1
hb129 373 0 1
hb154 0 25 0
hb111 184 185 1
hb130 423 276 0
hb131 0 204 1
hb135 53 379 1
hb137 197 185 0
hb140 22 395 1
hb54 256 398 0
hb141 358 321 1
hb143 43 276 0
hb149 87 180 0
hb49 0 242 0
hb150 242 346 0
hb151 162 379 0
hb152 185 242 0
hb155 38 395 1
hb92 31 161 1
hb44 317 438 1
hb158 302 321 0
hb192 122 110 1
hb159 0 419 0
hb21 316 161 0
hb178 240 419 1
hb160 268 419 0
hb161 157 300 1
hb42 122 91 1
hb165 107 346 0
hb174 395 161 1
hb98 96 379 0
hb167 299 402 0
hb142 213 419 0
hb76 90 434 1
hb168 232 0 0
hb170 0 321 1
hb171 347 242 0
hb28 252 204 0
hb172 0 161 0
hb173 294 161 1
hb187 418 395 1
hb175 361 419 1
hb176 141 300 1
hb169 242 133 0
hb177 45 321 1
hb183 106 91 1
hb185 271 0 1
hb193 175 91 1
hb198 150 25 1
