Wirelength 191291
NumHardBlocks 100
hb99 102 210 1
hb97 264 41 0
hb43 354 110 1
hb41 270 331 0
hb39 400 110 0
hb36 56 0 1
hb2 254 398 1
hb34 227 398 0
hb23 123 398 1
hb29 297 331 0
hb28 122 171 1
hb75 62 260 1
hb62 0 416 0
hb40 172 0 0
hb35 225 74 1
hb74 333 171 1
hb81 288 398 0
hb25 122 283 0
hb38 150 260 1
hb6 67 150 0
hb31 123 418 0
hb8 386 398 1
hb48 337 41 1
hb89 364 56 1
hb9 338 110 0
hb98 0 260 1
hb5 123 0 1
hb51 65 171 1
hb4 421 0 1
hb85 0 41 0
hb27 96 331 0
hb15 111 110 1
hb13 290 110 0
hb10 0 398 1
hb12 337 331 1
hb3 300 41 0
hb53 246 260 0
hb76 149 418 0
hb32 323 210 1
hb17 0 210 1
hb57 289 260 1
hb42 391 56 0
hb37 90 260 1
hb50 46 331 1
hb0 172 398 1
hb45 173 347 0
hb7 205 398 0
hb49 20 41 1
hb14 176 283 0
hb22 376 210 1
hb20 107 41 1
hb56 336 260 1
hb11 375 171 1
hb84 64 88 0
hb18 385 283 1
hb26 198 0 0
hb87 289 171 1
hb16 121 331 0
hb44 131 41 1
hb72 229 110 0
hb19 228 210 0
hb54 78 331 0
hb47 237 331 1
hb59 253 0 0
hb78 168 210 1
hb52 281 283 0
hb55 168 171 1
hb60 23 331 1
hb61 0 331 1
hb46 207 260 0
hb63 66 210 0
hb82 178 41 0
hb64 335 283 0
hb65 364 0 0
hb83 173 331 0
hb67 67 110 0
hb79 303 0 0
hb66 392 331 1
hb68 60 398 1
hb69 365 331 1
hb30 0 371 1
hb24 200 210 1
hb70 239 283 0
hb1 0 171 0
hb58 352 398 1
hb94 196 331 0
hb71 0 88 0
hb73 0 110 1
hb33 85 41 0
hb77 163 110 0
hb21 259 210 0
hb80 157 331 0
hb86 0 283 0
hb88 328 398 1
hb90 225 41 0
hb91 0 0 0
hb95 281 41 1
hb92 321 331 1
hb93 224 171 0
hb96 56 283 1
