Wirelength 408045
NumHardBlocks 200
hb199 105 0 1
hb93 104 255 0
hb95 357 47 0
hb91 176 404 0
hb90 0 340 0
hb88 231 340 1
hb86 187 314 0
hb146 177 371 1
hb77 32 255 1
hb33 83 295 1
hb73 45 295 1
hb94 47 404 0
hb58 135 404 1
hb70 62 404 0
hb24 195 120 0
hb68 97 138 1
hb66 274 340 0
hb186 318 358 1
hb79 269 138 0
hb67 262 0 0
hb83 391 255 0
hb148 332 138 0
hb65 109 340 1
hb64 0 426 0
hb82 320 175 0
hb188 307 255 0
hb46 121 175 0
hb166 225 42 1
hb71 432 32 0
hb61 308 371 1
hb63 118 102 0
hb60 196 340 1
hb55 395 0 0
hb52 364 255 0
hb59 156 209 0
hb112 179 295 1
hb19 227 314 0
hb72 387 175 1
hb47 352 404 1
hb103 262 37 0
hb16 195 102 1
hb26 0 314 0
hb96 60 77 1
hb18 288 138 1
hb1 85 255 0
hb84 384 209 1
hb163 89 424 0
hb11 104 102 0
hb128 211 371 0
hb56 237 42 1
hb108 120 371 1
hb147 0 255 1
hb182 142 340 0
hb197 258 404 0
hb22 148 314 1
hb7 278 255 0
hb134 404 138 1
hb45 132 371 1
hb0 179 102 1
hb107 0 295 0
hb37 262 255 0
hb139 416 416 1
hb57 131 295 1
hb17 326 314 0
hb32 79 371 0
hb184 249 295 0
hb53 318 340 0
hb124 351 255 0
hb3 294 37 0
hb12 62 102 1
hb10 135 423 1
hb87 262 276 0
hb13 421 209 0
hb15 339 209 0
hb27 0 30 0
hb80 107 175 0
hb144 31 138 1
hb85 221 404 1
hb51 262 110 1
hb195 307 138 0
hb30 408 295 1
hb136 225 295 0
hb9 133 102 0
hb89 193 162 1
hb69 357 28 1
hb48 124 314 0
hb115 283 175 0
hb164 232 102 1
hb8 0 267 0
hb6 305 340 1
hb153 382 404 0
hb157 0 282 0
hb78 240 209 0
hb25 0 46 0
hb4 81 175 0
hb127 0 404 0
hb81 44 371 1
hb50 20 102 1
hb74 142 352 0
hb35 420 175 0
hb106 432 138 1
hb125 102 371 0
hb20 357 0 1
hb196 196 255 1
hb138 240 255 1
hb40 262 69 0
hb190 382 416 1
hb62 121 138 1
hb162 271 175 1
hb101 148 255 1
hb75 359 314 1
hb189 0 82 0
hb29 0 163 1
hb23 286 314 0
hb179 176 432 0
hb34 86 0 0
hb2 426 255 0
hb36 380 138 1
hb194 47 424 0
hb39 0 0 1
hb41 107 190 0
hb133 420 138 1
hb102 237 64 0
hb181 247 387 1
hb5 349 138 1
hb31 335 340 0
hb43 229 138 0
hb14 64 371 0
hb97 258 314 1
hb99 98 404 0
hb156 123 190 1
hb104 48 255 0
hb132 410 255 1
hb105 60 46 0
hb109 225 78 0
hb110 0 371 0
hb113 312 0 0
hb114 312 295 0
hb116 432 101 1
hb100 385 371 1
hb117 36 46 0
hb118 432 66 0
hb119 193 138 1
hb120 132 385 1
hb121 432 0 1
hb145 305 209 1
hb38 386 314 0
hb122 342 371 0
hb123 352 427 0
hb180 331 271 0
hb126 212 255 1
hb191 225 0 1
hb129 42 0 0
hb154 0 209 0
hb111 197 175 1
hb130 312 28 1
hb131 0 102 1
hb135 48 280 1
hb137 166 154 0
hb140 211 314 1
hb54 269 295 0
hb141 246 175 0
hb143 42 209 1
hb149 24 404 0
hb49 0 175 0
hb150 351 295 1
hb151 166 138 1
hb152 213 175 0
hb155 221 452 1
hb92 67 340 0
hb44 381 295 0
hb158 169 175 0
hb192 45 340 0
hb159 88 314 1
hb21 266 209 1
hb178 331 255 0
hb160 220 102 0
hb161 289 371 0
hb42 104 276 1
hb165 40 175 0
hb174 393 47 1
hb98 366 424 0
hb167 211 326 0
hb142 372 340 1
hb76 119 295 1
hb168 60 138 0
hb170 43 314 1
hb171 352 175 0
hb28 202 209 1
hb172 0 138 0
hb173 408 0 1
hb187 435 175 0
hb175 392 138 1
hb176 366 404 1
hb169 128 209 1
hb177 175 340 0
hb183 247 371 0
hb185 169 193 1
hb193 86 209 0
hb198 312 72 1
