Wirelength 619078
NumHardBlocks 300
hb299 351 530 0
hb298 44 371 1
hb295 292 335 0
hb294 228 524 1
hb293 145 28 0
hb292 274 204 1
hb290 44 294 0
hb288 316 152 1
hb287 176 180 0
hb286 442 294 0
hb285 155 216 1
hb282 237 229 1
hb281 103 530 0
hb280 519 0 1
hb272 458 0 1
hb271 232 204 0
hb269 0 524 0
hb268 16 13 1
hb267 192 48 1
hb265 326 204 0
hb264 292 348 0
hb263 267 229 0
hb259 0 72 0
hb258 461 475 0
hb255 288 294 0
hb254 37 530 0
hb253 321 371 1
hb252 27 275 1
hb247 126 405 0
hb246 275 450 1
hb245 168 48 1
hb244 231 48 0
hb241 313 204 0
hb239 525 294 1
hb238 84 152 1
hb237 380 294 0
hb236 352 152 1
hb235 418 229 0
hb230 200 122 1
hb228 41 0 0
hb227 27 48 1
hb226 95 275 0
hb223 335 314 0
hb221 455 405 0
hb219 519 31 0
hb218 228 509 0
hb217 391 0 0
hb216 139 490 0
hb213 311 475 1
hb248 507 405 1
hb212 356 229 0
hb210 60 309 0
hb208 360 294 1
hb206 452 335 0
hb205 0 509 0
hb279 468 405 0
hb266 78 405 1
hb203 41 20 1
hb201 268 0 0
hb291 157 122 1
hb199 170 335 0
hb243 42 335 0
hb93 209 475 0
hb225 235 84 0
hb95 501 190 0
hb91 505 450 0
hb90 83 180 0
hb88 269 122 1
hb86 0 294 1
hb146 210 371 0
hb77 162 405 0
hb215 360 450 0
hb33 308 405 1
hb73 129 180 1
hb94 126 122 0
hb58 130 204 0
hb70 132 229 1
hb24 257 450 0
hb68 156 152 1
hb66 0 405 0
hb186 355 15 1
hb79 371 204 0
hb67 148 509 1
hb214 218 180 1
hb83 127 84 1
hb148 199 317 1
hb65 75 496 1
hb64 235 0 0
hb82 46 450 0
hb188 63 509 1
hb256 404 526 1
hb46 166 450 1
hb274 402 475 1
hb166 431 509 0
hb202 359 48 1
hb71 258 371 1
hb61 79 335 1
hb63 124 335 1
hb60 208 275 0
hb55 432 15 0
hb261 490 275 1
hb52 108 0 0
hb231 167 245 0
hb59 425 84 0
hb112 475 450 0
hb19 482 509 1
hb72 323 106 0
hb211 182 475 0
hb47 219 294 0
hb103 321 14 0
hb16 440 229 1
hb209 190 0 0
hb26 121 312 0
hb96 229 475 0
hb18 202 405 0
hb1 182 487 0
hb84 423 475 1
hb163 71 48 1
hb11 319 450 0
hb128 394 405 1
hb56 325 475 0
hb108 271 509 0
hb276 261 294 1
hb229 447 204 1
hb147 482 229 0
hb182 0 204 0
hb197 390 229 1
hb22 0 122 0
hb7 132 245 0
hb134 408 371 1
hb45 179 450 0
hb0 201 509 1
hb107 411 0 0
hb37 0 35 1
hb139 131 48 1
hb57 501 142 0
hb275 337 348 1
hb262 384 122 1
hb17 282 84 0
hb32 231 61 0
hb207 123 152 0
hb184 0 450 0
hb53 419 509 1
hb234 235 15 0
hb124 290 48 0
hb277 129 192 1
hb3 103 509 1
hb12 133 530 1
hb10 293 405 0
hb87 245 405 1
hb13 244 335 1
hb15 174 275 0
hb27 43 84 1
hb80 355 0 0
hb144 494 294 0
hb249 431 48 1
hb85 201 335 1
hb51 27 61 0
hb195 60 294 0
hb251 128 371 0
hb30 391 152 0
hb136 155 204 0
hb9 454 152 0
hb89 0 335 1
hb69 0 152 0
hb48 165 306 1
hb115 334 180 0
hb164 42 405 0
hb8 368 180 1
hb6 519 509 1
hb153 460 122 0
hb157 335 294 1
hb78 292 180 0
hb25 35 122 1
hb4 354 405 0
hb127 411 152 1
hb81 235 33 1
hb50 360 321 0
hb74 455 371 0
hb35 165 294 1
hb106 109 294 0
hb204 422 405 1
hb125 195 229 1
hb20 364 509 0
hb196 401 294 0
hb224 404 180 0
hb138 201 152 0
hb40 395 275 1
hb190 357 84 1
hb62 389 335 0
hb162 384 475 1
hb101 233 122 1
hb75 181 509 0
hb189 188 216 0
hb260 203 450 1
hb233 152 530 1
hb29 379 371 0
hb273 327 509 1
hb23 55 275 0
hb179 498 371 0
hb34 216 509 1
hb200 0 84 0
hb2 85 450 1
hb36 162 423 1
hb194 243 152 1
hb39 463 450 0
hb41 281 275 0
hb133 139 475 1
hb102 458 48 0
hb270 268 29 0
hb181 432 122 1
hb5 509 294 0
hb31 275 475 1
hb43 44 180 0
hb14 0 180 0
hb97 134 275 0
hb99 68 229 1
hb156 300 152 1
hb296 478 294 0
hb104 294 0 0
hb132 121 294 1
hb250 290 371 0
hb105 398 48 1
hb109 314 229 0
hb110 69 0 0
hb284 41 61 0
hb113 365 335 1
hb114 0 371 1
hb116 389 450 0
hb100 0 229 0
hb117 75 475 0
hb257 362 275 1
hb118 83 84 0
hb119 145 0 1
hb120 494 335 0
hb121 321 48 1
hb145 377 229 0
hb38 308 509 1
hb122 458 24 0
hb123 411 204 1
hb180 250 61 1
hb126 183 245 1
hb191 247 275 1
hb129 323 84 0
hb154 254 524 1
hb111 37 509 0
hb130 73 309 0
hb289 38 475 1
hb131 501 94 1
hb232 215 450 0
hb135 317 275 0
hb137 411 15 0
hb240 199 294 1
hb140 190 36 1
hb283 50 509 0
hb54 505 475 0
hb141 45 204 1
hb143 142 450 0
hb149 245 180 0
hb49 36 152 1
hb150 111 450 1
hb151 501 0 0
hb152 0 13 0
hb155 505 509 1
hb92 501 49 1
hb44 0 48 0
hb158 275 294 1
hb192 78 122 1
hb159 84 371 0
hb242 90 204 1
hb21 256 152 1
hb178 148 312 0
hb160 0 275 0
hb161 85 229 1
hb42 417 450 0
hb165 465 509 1
hb174 308 530 0
hb98 0 0 1
hb167 168 84 0
hb278 377 509 1
hb142 313 122 1
hb76 512 229 1
hb168 44 229 0
hb170 334 371 1
hb171 364 526 1
hb220 108 18 1
hb28 530 335 1
hb172 371 475 1
hb173 114 475 0
hb187 93 48 1
hb175 93 294 1
hb222 350 122 0
hb176 0 475 1
hb169 449 180 1
hb177 384 84 0
hb183 171 371 1
hb297 204 84 1
hb185 294 14 0
hb193 435 335 1
hb198 442 275 0
