Wirelength 214174
NumHardBlocks 100
hb99 374 0 1
hb97 67 346 1
hb43 292 99 0
hb41 140 0 0
hb39 378 285 0
hb36 0 56 1
hb2 324 285 0
hb34 324 319 1
hb23 116 56 1
hb29 377 346 1
hb28 199 146 1
hb75 71 146 0
hb62 0 423 0
hb40 42 146 1
hb35 279 248 1
hb74 353 99 0
hb81 390 379 1
hb25 280 208 0
hb38 170 346 1
hb6 352 56 1
hb31 213 56 0
hb8 392 146 0
hb48 260 0 0
hb89 279 27 0
hb9 311 379 0
hb98 142 185 1
hb5 67 56 1
hb51 142 146 1
hb4 260 27 1
hb85 60 188 1
hb27 132 99 1
hb15 90 146 1
hb13 264 146 0
hb10 168 423 1
hb12 316 346 0
hb3 366 248 1
hb53 0 31 0
hb76 0 121 1
hb32 239 56 1
hb17 122 379 1
hb57 121 423 1
hb42 339 146 1
hb37 0 188 1
hb50 0 346 0
hb0 256 379 1
hb45 269 99 0
hb7 289 379 0
hb49 67 99 1
hb14 59 379 0
hb22 317 248 0
hb20 132 124 0
hb56 220 423 1
hb11 334 208 1
hb84 0 99 0
hb18 212 0 0
hb26 65 208 0
hb87 351 379 0
hb16 222 248 1
hb44 204 99 0
hb72 196 285 0
hb19 0 0 1
hb54 60 423 1
hb47 251 346 0
hb59 230 208 0
hb78 134 346 0
hb52 167 0 1
hb55 166 248 1
hb60 233 379 1
hb61 33 121 0
hb46 204 185 0
hb63 65 248 1
hb82 83 0 1
hb64 391 99 0
hb65 317 0 0
hb83 188 407 0
hb67 120 208 0
hb79 292 56 0
hb66 257 285 0
hb68 0 285 1
hb69 312 146 1
hb30 227 346 0
hb24 188 379 0
hb70 0 146 0
hb1 0 208 0
hb58 393 208 0
hb94 0 379 1
hb71 116 76 0
hb73 63 285 1
hb33 169 124 1
hb77 130 285 0
hb21 374 49 0
hb80 67 363 1
hb86 110 248 0
hb88 327 379 1
hb90 180 56 1
hb91 50 0 1
hb95 245 146 1
hb92 42 172 0
hb93 0 248 0
hb96 164 208 1
