Wirelength 205268
NumHardBlocks 100
hb99 346 0 1
hb97 225 224 0
hb43 239 334 0
hb41 256 99 0
hb39 388 156 0
hb36 0 22 1
hb2 341 99 1
hb34 283 99 0
hb23 160 271 1
hb29 342 382 0
hb28 116 22 1
hb75 61 224 0
hb62 279 224 1
hb40 202 22 0
hb35 310 99 0
hb74 300 334 0
hb81 345 291 1
hb25 0 405 0
hb38 114 224 0
hb6 162 22 0
hb31 80 224 1
hb8 394 382 0
hb48 320 156 1
hb89 410 49 1
hb9 150 382 1
hb98 0 334 1
hb5 67 22 1
hb51 166 61 1
hb4 224 181 1
hb85 61 252 0
hb27 137 156 1
hb15 66 99 0
hb13 128 334 1
hb10 246 156 0
hb12 366 382 1
hb3 242 224 0
hb53 203 181 1
hb76 137 257 0
hb32 292 291 1
hb17 62 334 1
hb57 206 136 1
hb42 375 99 0
hb37 0 0 1
hb50 18 156 1
hb0 192 409 0
hb45 202 156 1
hb7 192 382 1
hb49 50 156 0
hb14 0 291 0
hb22 235 409 0
hb20 162 40 0
hb56 303 156 0
hb11 233 291 1
hb84 60 0 0
hb18 388 334 1
hb26 178 291 0
hb87 264 156 0
hb16 82 382 0
hb44 160 224 0
hb72 285 0 0
hb19 223 61 1
hb54 0 156 0
hb47 350 224 1
hb59 206 99 0
hb78 81 252 1
hb52 185 334 0
hb55 172 99 0
hb60 0 382 0
hb61 137 224 1
hb46 242 0 0
hb63 0 61 1
hb82 125 99 0
hb64 338 334 0
hb65 286 382 1
hb83 118 382 1
hb67 97 178 1
hb79 347 156 1
hb66 383 224 1
hb68 298 224 0
hb69 232 382 0
hb30 118 408 1
hb24 54 382 1
hb70 150 398 0
hb1 45 61 0
hb58 395 291 0
hb94 63 291 1
hb71 127 0 0
hb73 0 224 0
hb33 97 156 1
hb77 0 99 0
hb21 346 49 0
hb80 0 356 1
hb86 122 291 0
hb88 261 22 1
hb90 228 22 1
hb91 110 61 0
hb95 191 0 0
hb92 134 382 1
hb93 273 61 0
hb96 137 181 1
