Area 624536

NumHardBlocks 110
m1 656 328 1
m2 782 328 1
m3 845 328 1
m4 971 328 1
m5 782 235 1
m6 656 235 1
m7 971 235 1
m8 845 235 1
m9 719 328 1
m10 659 421 0
m11 938 421 0
m12 908 328 1
m13 752 421 0
m14 719 235 1
m15 908 235 1
m16 845 421 0
m17 0 442 0
m18 60 442 0
m19 120 442 0
m20 180 442 0
m21 19 543 1
m22 120 543 1
m23 785 48 1
m24 699 48 1
m25 846 111 1
m26 24 33 0
m27 72 93 1
m28 90 0 0
m29 274 190 0
m30 8 258 0
m31 747 137 0
m32 316 484 1
m33 753 66 0
m34 590 71 1
m35 475 79 1
m36 308 0 0
m37 404 121 0
m38 242 0 1
m39 24 0 0
m40 275 0 1
m41 966 93 0
m42 966 164 0
m43 1000 93 0
m44 1000 164 0
m45 932 93 0
m46 932 164 0
m47 222 142 1
m48 590 241 1
m49 404 0 1
m50 308 172 0
m51 494 172 1
m52 494 391 1
m53 308 421 0
m54 371 235 1
m55 308 235 1
m56 308 328 1
m57 371 328 1
m58 434 265 0
m59 401 172 0
m60 401 421 0
m61 434 328 0
m62 524 8 0
m63 557 193 1
m64 557 289 1
m65 572 8 0
m66 557 145 1
m67 623 289 1
m68 699 0 1
m69 212 283 1
m70 623 200 1
m71 836 200 1
m72 694 200 1
m73 765 200 1
m74 242 48 1
m75 171 0 1
m76 719 66 0
m77 557 337 0
m78 893 0 1
m79 240 435 1
m80 676 160 1
m81 490 8 0
m82 665 0 0
m83 888 129 0
m84 222 190 0
m85 556 74 0
m86 557 241 1
m87 274 528 1
m88 108 0 1
m89 212 372 0
m90 404 28 1
m91 840 129 0
m92 256 190 0
m93 538 74 0
m94 590 164 1
m95 72 0 0
m96 404 10 1
m97 846 93 1
m98 308 63 1
m99 653 71 1
m100 240 528 0
m101 308 484 0
m102 16 0 0
m103 8 0 0
m104 234 0 0
m105 0 0 0
m106 292 141 0
m107 490 0 1
m108 467 28 0
m109 300 141 0
m110 379 484 1
