Area 623700

NumHardBlocks 65
m1 48 0 0
m2 367 111 1
m3 171 0 1
m4 146 135 0
m5 696 111 0
m6 696 282 0
m7 696 453 0
m8 696 624 0
m9 622 282 0
m10 622 111 0
m11 622 624 0
m12 622 453 0
m13 24 0 0
m14 12 0 0
m15 328 255 0
m16 257 86 1
m17 182 245 1
m18 60 86 1
m19 589 111 0
m20 268 194 0
m21 304 427 0
m22 304 341 0
m23 426 295 1
m24 512 209 0
m25 524 209 0
m26 536 295 1
m27 426 406 1
m28 536 406 1
m29 488 209 0
m30 440 209 0
m31 464 209 0
m32 560 209 0
m33 584 209 0
m34 536 209 0
m35 304 255 0
m36 24 484 0
m37 182 221 1
m38 268 255 0
m39 182 316 0
m40 340 320 1
m41 304 194 0
m42 24 417 0
m43 340 209 1
m44 340 344 1
m45 454 0 0
m46 676 0 1
m47 522 86 1
m48 368 0 1
m49 565 0 0
m50 0 563 0
m51 304 513 1
m52 60 110 1
m53 146 111 1
m54 24 331 0
m55 0 649 0
m56 328 487 1
m57 257 146 1
m58 60 0 0
m59 257 0 0
m60 268 170 1
m61 0 0 0
m62 36 0 0
m63 12 232 0
m64 294 540 1
m65 60 221 0
