#-check_same_via_cell true               # bool, default=false, user setting
 *** Starting Verify DRC (MEM: 3105.2) ***

  VERIFY DRC ...... Starting Verification
  VERIFY DRC ...... Initializing
  VERIFY DRC ...... Deleting Existing Violations
  VERIFY DRC ...... Creating Sub-Areas
  VERIFY DRC ...... Using new threading
 VERIFY DRC ...... Sub-Area: {0.000 0.000 48.384 48.384} 1 of 16  Thread : 3
 VERIFY DRC ...... Sub-Area: {96.768 0.000 145.152 48.384} 3 of 16  Thread : 0
 VERIFY DRC ...... Sub-Area: {96.768 96.768 145.152 145.152} 11 of 16  Thread : 2
 VERIFY DRC ...... Sub-Area: {0.000 96.768 48.384 145.152} 9 of 16  Thread : 4
 VERIFY DRC ...... Sub-Area: {145.152 0.000 191.952 48.384} 4 of 16  Thread : 3
 VERIFY DRC ...... Sub-Area: {48.384 0.000 96.768 48.384} 2 of 16  Thread : 0
 VERIFY DRC ...... Sub-Area: {48.384 96.768 96.768 145.152} 10 of 16  Thread : 4
 VERIFY DRC ...... Sub-Area: {145.152 96.768 191.952 145.152} 12 of 16  Thread : 2
 VERIFY DRC ...... Sub-Area: {48.384 145.152 96.768 190.944} 14 of 16  Thread : 3
 VERIFY DRC ...... Sub-Area: {145.152 145.152 191.952 190.944} 16 of 16  Thread : 5
 VERIFY DRC ...... Sub-Area: {0.000 48.384 48.384 96.768} 5 of 16  Thread : 4
 VERIFY DRC ...... Sub-Area: {96.768 48.384 145.152 96.768} 7 of 16  Thread : 2
 VERIFY DRC ...... Thread : 0 finished.
 VERIFY DRC ...... Sub-Area: {96.768 145.152 145.152 190.944} 15 of 16  Thread : 5
 VERIFY DRC ...... Thread : 5 finished.
 VERIFY DRC ...... Sub-Area: {0.000 145.152 48.384 190.944} 13 of 16  Thread : 3
 VERIFY DRC ...... Thread : 3 finished.
 VERIFY DRC ...... Sub-Area: {145.152 48.384 191.952 96.768} 8 of 16  Thread : 4
 VERIFY DRC ...... Thread : 4 finished.
 VERIFY DRC ...... Sub-Area: {48.384 48.384 96.768 96.768} 6 of 16  Thread : 2
 VERIFY DRC ...... Thread : 2 finished.

  Verification Complete : 0 Viols.

 *** End Verify DRC (CPU: 0:00:39.0  ELAPSED TIME: 10.00  MEM: 1243.9M) ***

