###############################################################
#  Generated by:      Cadence Innovus 21.13-s100_1
#  OS:                Linux x86_64(Host ID ic22)
#  Generated on:      Wed Mar 12 09:12:18 2025
#  Design:            sha256
#  Command:           report_timing > ../timing.rpt 
###############################################################
Path 1: MET Setup Check with Pin core_a_reg_reg[31]/CLK 
Endpoint:   core_a_reg_reg[31]/D     (^) checked with  leading edge of 'clk'
Beginpoint: core_t_ctr_reg_reg[5]/QN (^) triggered by  leading edge of 'clk'
Path Groups: {clk}
Analysis View: view_tc
Other End Arrival Time          0.000
- Setup                        17.144
+ Phase Shift                 686.000
= Required Time               668.856
- Arrival Time                645.600
= Slack Time                   23.256
     Clock Rise Edge                 0.000
     + Clock Network Latency (Ideal) 0.000
     = Beginpoint Arrival Time       0.000
     +--------------------------------------------------------------------------------------------------------------------+ 
     |                 Instance                  |      Arc      |           Cell           |  Delay | Arrival | Required | 
     |                                           |               |                          |        |  Time   |   Time   | 
     |-------------------------------------------+---------------+--------------------------+--------+---------+----------| 
     | core_t_ctr_reg_reg[5]                     | CLK ^         |                          |        |   0.000 |   23.256 | 
     | core_t_ctr_reg_reg[5]                     | CLK ^ -> QN ^ | DFFASRHQNx1_ASAP7_75t_SL | 37.200 |  37.200 |   60.456 | 
     | FE_OCPC132_core_t_ctr_reg_5               | A ^ -> Y ^    | BUFx3_ASAP7_75t_SL       | 25.000 |  62.200 |   85.456 | 
     | g657                                      | A ^ -> Y v    | INVx2_ASAP7_75t_SL       | 29.500 |  91.700 |  114.956 | 
     | g68527                                    | B v -> Y v    | AND2x4_ASAP7_75t_SL      | 34.600 | 126.300 |  149.556 | 
     | core_g49701                               | A v -> Y v    | AND2x2_ASAP7_75t_SL      | 29.500 | 155.800 |  179.056 | 
     | core_g49507                               | B v -> Y v    | AND2x2_ASAP7_75t_SL      | 28.500 | 184.300 |  207.556 | 
     | FE_OFC106_core_n_48261                    | A v -> Y v    | BUFx3_ASAP7_75t_SL       | 50.600 | 234.900 |  258.156 | 
     | FE_OFC108_core_n_48261                    | A v -> Y ^    | INVx1_ASAP7_75t_SL       | 18.300 | 253.200 |  276.456 | 
     | FE_OFC111_core_n_48261                    | A ^ -> Y v    | INVx2_ASAP7_75t_SL       | 19.000 | 272.200 |  295.456 | 
     | core_g49150                               | B2 v -> Y ^   | AOI22xp5_ASAP7_75t_SL    | 26.200 | 298.400 |  321.656 | 
     | core_g48947                               | A ^ -> Y ^    | AND4x1_ASAP7_75t_SL      | 23.500 | 321.900 |  345.156 | 
     | core_g48888                               | A ^ -> Y v    | NAND5xp2_ASAP7_75t_SL    | 15.500 | 337.400 |  360.656 | 
     | core_g48863                               | B v -> Y v    | AO21x1_ASAP7_75t_SL      | 25.700 | 363.100 |  386.356 | 
     | core_csa_tree_add_337_39_g6536            | A v -> Y v    | XNOR2xp5_ASAP7_75t_SL    | 23.400 | 386.500 |  409.756 | 
     | core_csa_tree_add_337_39_g6470            | A v -> Y v    | XOR2xp5_ASAP7_75t_SL     | 23.600 | 410.100 |  433.356 | 
     | g506                                      | A v -> Y v    | XNOR2xp5_ASAP7_75t_SL    | 31.100 | 441.200 |  464.456 | 
     | g487                                      | A v -> Y v    | XNOR2xp5_ASAP7_75t_SL    | 21.100 | 462.300 |  485.556 | 
     | core_csa_tree_add_422_23_groupi_g67426    | B v -> Y ^    | NAND2xp5_ASAP7_75t_SL    | 12.700 | 475.000 |  498.256 | 
     | core_csa_tree_add_422_23_groupi_g67428    | B ^ -> Y v    | OAI21xp5_ASAP7_75t_SL    | 13.300 | 488.300 |  511.556 | 
     | core_csa_tree_add_422_23_groupi_g67448    | A1 v -> Y v   | AO21x1_ASAP7_75t_SL      | 21.000 | 509.300 |  532.556 | 
     | core_csa_tree_add_422_23_groupi_g5741_dup | A2 v -> Y v   | AO21x1_ASAP7_75t_SL      | 21.600 | 530.900 |  554.156 | 
     | g68244                                    | B v -> Y v    | AND2x2_ASAP7_75t_SL      | 17.100 | 548.000 |  571.256 | 
     | g68242                                    | A2 v -> Y ^   | AOI22xp5_ASAP7_75t_SL    | 12.500 | 560.500 |  583.756 | 
     | g96                                       | B ^ -> Y ^    | AND2x4_ASAP7_75t_SL      | 17.700 | 578.200 |  601.456 | 
     | core_csa_tree_add_422_23_groupi_g5726     | B ^ -> Y v    | NOR2x1p5_ASAP7_75t_SL    | 14.500 | 592.700 |  615.956 | 
     | core_csa_tree_add_422_23_groupi_g67384    | A v -> Y ^    | NOR2x1p5_ASAP7_75t_SL    | 19.000 | 611.700 |  634.956 | 
     | core_csa_tree_add_422_23_groupi_g5709     | A1 ^ -> Y v   | OAI21x1_ASAP7_75t_SL     |  7.800 | 619.500 |  642.756 | 
     | core_csa_tree_add_422_23_groupi_g5686     | A v -> Y v    | XNOR2xp5_ASAP7_75t_SL    | 16.900 | 636.400 |  659.656 | 
     | core_g63496                               | A1 v -> Y ^   | AOI21xp5_ASAP7_75t_SL    |  9.200 | 645.600 |  668.856 | 
     | core_a_reg_reg[31]                        | D ^           | DFFASRHQNx1_ASAP7_75t_SL |  0.000 | 645.600 |  668.856 | 
     +--------------------------------------------------------------------------------------------------------------------+ 

